CPU info:
Architecture:          x86_64
CPU op-mode(s):        32-bit, 64-bit
Byte Order:            Little Endian
CPU(s):                1
On-line CPU(s) list:   0
Thread(s) per core:    1
Core(s) per socket:    1
Socket(s):             1
NUMA node(s):          1
Vendor ID:             GenuineIntel
CPU family:            6
Model:                 70
Model name:            Intel(R) Core(TM) i7-4960HQ CPU @ 2.60GHz
Stepping:              1
CPU MHz:               2593.994
BogoMIPS:              5187.98
Hypervisor vendor:     KVM
Virtualization type:   full
L1d cache:             32K
L1i cache:             32K
L2 cache:              256K
L3 cache:              6144K
L4 cache:              131072K
NUMA node0 CPU(s):     0
Flags:                 fpu vme de pse tsc msr pae mce cx8 apic sep mtrr pge mca cmov pat pse36 clflush mmx fxsr sse sse2 syscall nx rdtscp lm constant_tsc rep_good nopl xtopology nonstop_tsc eagerfpu pni pclmulqdq monitor ssse3 cx16 pcid sse4_1 sse4_2 x2apic movbe popcnt aes xsave avx rdrand hypervisor lahf_lm abm fsgsbase avx2 invpcid


Memory:
              total        used        free      shared  buff/cache   available
Mem:        3881124      208084     3411828       17256      261212     3393988
Swap:       3354620           0     3354620


Storage:
Filesystem                    Size  Used Avail Use% Mounted on
/dev/mapper/VolGroup-lv_root   30G  2.8G   28G  10% /
