INFO buildroot.py:350:  Mock Version: 1.4.11
DEBUG util.py:114:  ensuring that dir exists: /var/lib/mock/nethserver-7-x86_64/root/dev/pts
DEBUG util.py:117:  creating dir: /var/lib/mock/nethserver-7-x86_64/root/dev/pts
DEBUG util.py:114:  ensuring that dir exists: /var/lib/mock/nethserver-7-x86_64/root/dev/shm
DEBUG util.py:117:  creating dir: /var/lib/mock/nethserver-7-x86_64/root/dev/shm
DEBUG buildroot.py:481:  kernel version == 3.10.0-862.11.6.el7.x86_64
DEBUG util.py:127:  touching file: /var/lib/mock/nethserver-7-x86_64/root/etc/fstab
DEBUG util.py:127:  touching file: /var/lib/mock/nethserver-7-x86_64/root/etc/yum/yum.conf
DEBUG util.py:127:  touching file: /var/lib/mock/nethserver-7-x86_64/root/etc/dnf/dnf.conf
DEBUG util.py:127:  touching file: /var/lib/mock/nethserver-7-x86_64/root/var/log/yum.log
DEBUG util.py:114:  ensuring that dir exists: /var/lib/mock/nethserver-7-x86_64/root/var/cache/yum/
DEBUG util.py:651:  child environment: None
DEBUG util.py:577:  Executing command: ['/bin/mount', '-n', '--bind', '/var/cache/mock/nethserver-7-x86_64/yum_cache/', '/var/lib/mock/nethserver-7-x86_64/root/var/cache/yum/'] with env {'LANG': 'C', 'TERM': 'vt100', 'SHELL': '/bin/sh', 'HOSTNAME': 'mock', 'HOME': '/builddir', 'PATH': '/usr/bin:/bin:/usr/sbin:/sbin'} and shell False
DEBUG util.py:632:  Child return code was: 0
DEBUG buildroot.py:143:  rootdir = /var/lib/mock/nethserver-7-x86_64/root
DEBUG buildroot.py:144:  resultdir = .
DEBUG util.py:114:  ensuring that dir exists: /var/lib/mock/nethserver-7-x86_64/root/etc/pki/mock
DEBUG util.py:117:  creating dir: /var/lib/mock/nethserver-7-x86_64/root/etc/pki/mock
DEBUG util.py:114:  ensuring that dir exists: /var/lib/mock/nethserver-7-x86_64/root/etc/yum/pluginconf.d
DEBUG util.py:117:  creating dir: /var/lib/mock/nethserver-7-x86_64/root/etc/yum/pluginconf.d
DEBUG package_manager.py:256:  configure yum
DEBUG package_manager.py:268:  configure yum priorities
DEBUG package_manager.py:270:  configure yum rhnplugin
DEBUG util.py:114:  ensuring that dir exists: /var/lib/mock/nethserver-7-x86_64/root/etc
DEBUG util.py:114:  ensuring that dir exists: /var/lib/mock/nethserver-7-x86_64/root/proc
DEBUG util.py:651:  child environment: None
DEBUG util.py:577:  Executing command: ['/bin/mount', '-n', '-t', 'proc', 'proc', '/var/lib/mock/nethserver-7-x86_64/root/proc'] with env {'LANG': 'C', 'TERM': 'vt100', 'SHELL': '/bin/sh', 'HOSTNAME': 'mock', 'HOME': '/builddir', 'PATH': '/usr/bin:/bin:/usr/sbin:/sbin'} and shell False
DEBUG util.py:632:  Child return code was: 0
DEBUG util.py:114:  ensuring that dir exists: /var/lib/mock/nethserver-7-x86_64/root/sys
DEBUG util.py:651:  child environment: None
DEBUG util.py:577:  Executing command: ['/bin/mount', '-n', '-t', 'sysfs', 'sysfs', '/var/lib/mock/nethserver-7-x86_64/root/sys'] with env {'LANG': 'C', 'TERM': 'vt100', 'SHELL': '/bin/sh', 'HOSTNAME': 'mock', 'HOME': '/builddir', 'PATH': '/usr/bin:/bin:/usr/sbin:/sbin'} and shell False
DEBUG util.py:632:  Child return code was: 0
DEBUG util.py:114:  ensuring that dir exists: /var/lib/mock/nethserver-7-x86_64/root/dev/shm
DEBUG util.py:651:  child environment: None
DEBUG util.py:577:  Executing command: ['/bin/mount', '-n', '-t', 'tmpfs', 'tmpfs', '/var/lib/mock/nethserver-7-x86_64/root/dev/shm'] with env {'LANG': 'C', 'TERM': 'vt100', 'SHELL': '/bin/sh', 'HOSTNAME': 'mock', 'HOME': '/builddir', 'PATH': '/usr/bin:/bin:/usr/sbin:/sbin'} and shell False
DEBUG util.py:632:  Child return code was: 0
DEBUG util.py:114:  ensuring that dir exists: /var/lib/mock/nethserver-7-x86_64/root/dev/pts
DEBUG util.py:651:  child environment: None
DEBUG util.py:577:  Executing command: ['/bin/mount', '-n', '-t', 'devpts', '-o', 'gid=5,mode=0620,ptmxmode=0666,newinstance', 'devpts', '/var/lib/mock/nethserver-7-x86_64/root/dev/pts'] with env {'LANG': 'C', 'TERM': 'vt100', 'SHELL': '/bin/sh', 'HOSTNAME': 'mock', 'HOME': '/builddir', 'PATH': '/usr/bin:/bin:/usr/sbin:/sbin'} and shell False
DEBUG util.py:632:  Child return code was: 0
DEBUG package_manager.py:118:  ['/usr/bin/yum', '--installroot', '/var/lib/mock/nethserver-7-x86_64/root/', 'install', '@buildsys-build']
DEBUG util.py:651:  child environment: None
DEBUG util.py:577:  Executing command: ['/usr/bin/yum', '--installroot', '/var/lib/mock/nethserver-7-x86_64/root/', 'install', '@buildsys-build'] with env {'LANG': 'C', 'TERM': 'vt100', 'SHELL': '/bin/bash', 'LC_MESSAGES': 'C.UTF-8', 'HOSTNAME': 'mock', 'PROMPT_COMMAND': 'printf "\\033]0;<mock-chroot>\\007"', 'HOME': '/builddir', 'PATH': '/usr/bin:/bin:/usr/sbin:/sbin', 'PS1': '<mock-chroot> \\s-\\v\\$ '} and shell False
DEBUG util.py:489:  BUILDSTDERR: Failed to set locale, defaulting to C
DEBUG util.py:491:  ====================================================================================================
DEBUG util.py:491:   Package                            Arch          Version                      Repository      Size
DEBUG util.py:491:  ====================================================================================================
DEBUG util.py:491:  Installing for group install "Buildsystem building group":
DEBUG util.py:491:   bash                               x86_64        4.2.46-30.el7                base           1.0 M
DEBUG util.py:491:   bzip2                              x86_64        1.0.6-13.el7                 base            52 k
DEBUG util.py:491:   coreutils                          x86_64        8.22-21.el7                  base           3.3 M
DEBUG util.py:491:   cpio                               x86_64        2.11-27.el7                  base           211 k
DEBUG util.py:491:   diffutils                          x86_64        3.3-4.el7                    base           322 k
DEBUG util.py:491:   epel-release                       noarch        7-11                         epel            15 k
DEBUG util.py:491:   epel-rpm-macros                    noarch        7-19                         epel            13 k
DEBUG util.py:491:   findutils                          x86_64        1:4.5.11-5.el7               base           559 k
DEBUG util.py:491:   gawk                               x86_64        4.0.2-4.el7_3.1              base           874 k
DEBUG util.py:491:   gcc                                x86_64        4.8.5-28.el7_5.1             updates         16 M
DEBUG util.py:491:   gcc-c++                            x86_64        4.8.5-28.el7_5.1             updates        7.2 M
DEBUG util.py:491:   grep                               x86_64        2.20-3.el7                   base           344 k
DEBUG util.py:491:   gzip                               x86_64        1.5-10.el7                   base           130 k
DEBUG util.py:491:   info                               x86_64        5.1-5.el7                    base           233 k
DEBUG util.py:491:   make                               x86_64        1:3.82-23.el7                base           420 k
DEBUG util.py:491:   patch                              x86_64        2.7.1-10.el7_5               updates        110 k
DEBUG util.py:491:   perl                               x86_64        4:5.16.3-292.el7             base           8.0 M
DEBUG util.py:491:   python                             x86_64        2.7.5-69.el7_5               updates         93 k
DEBUG util.py:491:   redhat-rpm-config                  noarch        9.1.0-80.el7.centos          base            79 k
DEBUG util.py:491:   rpm-build                          x86_64        4.11.3-32.el7                base           147 k
DEBUG util.py:491:   sed                                x86_64        4.2.2-5.el7                  base           231 k
DEBUG util.py:491:   shadow-utils                       x86_64        2:4.1.5.1-24.el7             base           1.1 M
DEBUG util.py:491:   tar                                x86_64        2:1.26-34.el7                base           845 k
DEBUG util.py:491:   unzip                              x86_64        6.0-19.el7                   base           170 k
DEBUG util.py:491:   util-linux                         x86_64        2.23.2-52.el7                base           2.0 M
DEBUG util.py:491:   which                              x86_64        2.20-7.el7                   base            41 k
DEBUG util.py:491:   xz                                 x86_64        5.2.2-1.el7                  base           229 k
DEBUG util.py:491:  Installing for dependencies:
DEBUG util.py:491:   acl                                x86_64        2.2.51-14.el7                base            81 k
DEBUG util.py:491:   audit-libs                         x86_64        2.8.1-3.el7                  base            99 k
DEBUG util.py:491:   basesystem                         noarch        10.0-7.el7.centos            base           5.0 k
DEBUG util.py:491:   binutils                           x86_64        2.27-28.base.el7_5.1         updates        5.9 M
DEBUG util.py:491:   bzip2-libs                         x86_64        1.0.6-13.el7                 base            40 k
DEBUG util.py:491:   ca-certificates                    noarch        2018.2.22-70.0.el7_5         updates        392 k
DEBUG util.py:491:   centos-release                     x86_64        7-5.1804.4.el7.centos        updates         25 k
DEBUG util.py:491:   chkconfig                          x86_64        1.7.4-1.el7                  base           181 k
DEBUG util.py:491:   cpp                                x86_64        4.8.5-28.el7_5.1             updates        5.9 M
DEBUG util.py:491:   cracklib                           x86_64        2.9.0-11.el7                 base            80 k
DEBUG util.py:491:   cracklib-dicts                     x86_64        2.9.0-11.el7                 base           3.6 M
DEBUG util.py:491:   cryptsetup-libs                    x86_64        1.7.4-4.el7                  base           223 k
DEBUG util.py:491:   curl                               x86_64        7.29.0-46.el7                base           268 k
DEBUG util.py:491:   cyrus-sasl-lib                     x86_64        2.1.26-23.el7                base           155 k
DEBUG util.py:491:   dbus                               x86_64        1:1.10.24-7.el7              base           245 k
DEBUG util.py:491:   dbus-libs                          x86_64        1:1.10.24-7.el7              base           169 k
DEBUG util.py:491:   device-mapper                      x86_64        7:1.02.146-4.el7             base           289 k
DEBUG util.py:491:   device-mapper-libs                 x86_64        7:1.02.146-4.el7             base           316 k
DEBUG util.py:491:   dracut                             x86_64        033-535.el7                  base           325 k
DEBUG util.py:491:   dwz                                x86_64        0.11-3.el7                   base            99 k
DEBUG util.py:491:   elfutils                           x86_64        0.170-4.el7                  base           282 k
DEBUG util.py:491:   elfutils-default-yama-scope        noarch        0.170-4.el7                  base            31 k
DEBUG util.py:491:   elfutils-libelf                    x86_64        0.170-4.el7                  base           195 k
DEBUG util.py:491:   elfutils-libs                      x86_64        0.170-4.el7                  base           267 k
DEBUG util.py:491:   expat                              x86_64        2.1.0-10.el7_3               base            81 k
DEBUG util.py:491:   file                               x86_64        5.11-33.el7                  base            57 k
DEBUG util.py:491:   file-libs                          x86_64        5.11-33.el7                  base           340 k
DEBUG util.py:491:   filesystem                         x86_64        3.2-25.el7                   base           1.0 M
DEBUG util.py:491:   gdb                                x86_64        7.6.1-110.el7                base           2.4 M
DEBUG util.py:491:   gdbm                               x86_64        1.10-8.el7                   base            70 k
DEBUG util.py:491:   glib2                              x86_64        2.54.2-2.el7                 base           2.4 M
DEBUG util.py:491:   glibc                              x86_64        2.17-222.el7                 base           3.6 M
DEBUG util.py:491:   glibc-common                       x86_64        2.17-222.el7                 base            11 M
DEBUG util.py:491:   glibc-devel                        x86_64        2.17-222.el7                 base           1.1 M
DEBUG util.py:491:   glibc-headers                      x86_64        2.17-222.el7                 base           678 k
DEBUG util.py:491:   gmp                                x86_64        1:6.0.0-15.el7               base           281 k
DEBUG util.py:491:   gnupg2                             x86_64        2.0.22-5.el7_5               updates        1.5 M
DEBUG util.py:491:   groff-base                         x86_64        1.22.2-8.el7                 base           942 k
DEBUG util.py:491:   hardlink                           x86_64        1:1.0-19.el7                 base            14 k
DEBUG util.py:491:   kernel-headers                     x86_64        3.10.0-862.11.6.el7          updates        7.1 M
DEBUG util.py:491:   keyutils-libs                      x86_64        1.5.8-3.el7                  base            25 k
DEBUG util.py:491:   kmod                               x86_64        20-21.el7                    base           121 k
DEBUG util.py:491:   kmod-libs                          x86_64        20-21.el7                    base            50 k
DEBUG util.py:491:   kpartx                             x86_64        0.4.9-119.el7                base            75 k
DEBUG util.py:491:   krb5-libs                          x86_64        1.15.1-19.el7                updates        747 k
DEBUG util.py:491:   libacl                             x86_64        2.2.51-14.el7                base            27 k
DEBUG util.py:491:   libassuan                          x86_64        2.1.0-3.el7                  base            63 k
DEBUG util.py:491:   libattr                            x86_64        2.4.46-13.el7                base            18 k
DEBUG util.py:491:   libblkid                           x86_64        2.23.2-52.el7                base           178 k
DEBUG util.py:491:   libcap                             x86_64        2.22-9.el7                   base            47 k
DEBUG util.py:491:   libcap-ng                          x86_64        0.7.5-4.el7                  base            25 k
DEBUG util.py:491:   libcom_err                         x86_64        1.42.9-12.el7_5              updates         41 k
DEBUG util.py:491:   libcurl                            x86_64        7.29.0-46.el7                base           220 k
DEBUG util.py:491:   libdb                              x86_64        5.3.21-24.el7                base           720 k
DEBUG util.py:491:   libdb-utils                        x86_64        5.3.21-24.el7                base           132 k
DEBUG util.py:491:   libffi                             x86_64        3.0.13-18.el7                base            30 k
DEBUG util.py:491:   libgcc                             x86_64        4.8.5-28.el7_5.1             updates        101 k
DEBUG util.py:491:   libgcrypt                          x86_64        1.5.3-14.el7                 base           263 k
DEBUG util.py:491:   libgomp                            x86_64        4.8.5-28.el7_5.1             updates        156 k
DEBUG util.py:491:   libgpg-error                       x86_64        1.12-3.el7                   base            87 k
DEBUG util.py:491:   libidn                             x86_64        1.28-4.el7                   base           209 k
DEBUG util.py:491:   libmount                           x86_64        2.23.2-52.el7                base           180 k
DEBUG util.py:491:   libmpc                             x86_64        1.0.1-3.el7                  base            51 k
DEBUG util.py:491:   libpwquality                       x86_64        1.2.3-5.el7                  base            85 k
DEBUG util.py:491:   libselinux                         x86_64        2.5-12.el7                   base           162 k
DEBUG util.py:491:   libsemanage                        x86_64        2.5-11.el7                   base           150 k
DEBUG util.py:491:   libsepol                           x86_64        2.5-8.1.el7                  base           297 k
DEBUG util.py:491:   libssh2                            x86_64        1.4.3-10.el7_2.1             base           134 k
DEBUG util.py:491:   libstdc++                          x86_64        4.8.5-28.el7_5.1             updates        303 k
DEBUG util.py:491:   libstdc++-devel                    x86_64        4.8.5-28.el7_5.1             updates        1.5 M
DEBUG util.py:491:   libtasn1                           x86_64        4.10-1.el7                   base           320 k
DEBUG util.py:491:   libuser                            x86_64        0.60-9.el7                   base           400 k
DEBUG util.py:491:   libutempter                        x86_64        1.1.6-4.el7                  base            25 k
DEBUG util.py:491:   libuuid                            x86_64        2.23.2-52.el7                base            81 k
DEBUG util.py:491:   libverto                           x86_64        0.2.5-4.el7                  base            16 k
DEBUG util.py:491:   libxml2                            x86_64        2.9.1-6.el7_2.3              base           668 k
DEBUG util.py:491:   lua                                x86_64        5.1.4-15.el7                 base           201 k
DEBUG util.py:491:   lz4                                x86_64        1.7.5-2.el7                  base            98 k
DEBUG util.py:491:   mpfr                               x86_64        3.1.1-4.el7                  base           203 k
DEBUG util.py:491:   ncurses                            x86_64        5.9-14.20130511.el7_4        base           304 k
DEBUG util.py:491:   ncurses-base                       noarch        5.9-14.20130511.el7_4        base            68 k
DEBUG util.py:491:   ncurses-libs                       x86_64        5.9-14.20130511.el7_4        base           316 k
DEBUG util.py:491:   nspr                               x86_64        4.19.0-1.el7_5               updates        127 k
DEBUG util.py:491:   nss                                x86_64        3.36.0-5.el7_5               updates        835 k
DEBUG util.py:491:   nss-pem                            x86_64        1.0.3-4.el7                  base            73 k
DEBUG util.py:491:   nss-softokn                        x86_64        3.36.0-5.el7_5               updates        315 k
DEBUG util.py:491:   nss-softokn-freebl                 x86_64        3.36.0-5.el7_5               updates        222 k
DEBUG util.py:491:   nss-sysinit                        x86_64        3.36.0-5.el7_5               updates         62 k
DEBUG util.py:491:   nss-tools                          x86_64        3.36.0-5.el7_5               updates        514 k
DEBUG util.py:491:   nss-util                           x86_64        3.36.0-1.el7_5               updates         78 k
DEBUG util.py:491:   openldap                           x86_64        2.4.44-15.el7_5              updates        355 k
DEBUG util.py:491:   openssl-libs                       x86_64        1:1.0.2k-12.el7              base           1.2 M
DEBUG util.py:491:   p11-kit                            x86_64        0.23.5-3.el7                 base           252 k
DEBUG util.py:491:   p11-kit-trust                      x86_64        0.23.5-3.el7                 base           129 k
DEBUG util.py:491:   pam                                x86_64        1.1.8-22.el7                 base           720 k
DEBUG util.py:491:   pcre                               x86_64        8.32-17.el7                  base           422 k
DEBUG util.py:491:   perl-Carp                          noarch        1.26-244.el7                 base            19 k
DEBUG util.py:491:   perl-Encode                        x86_64        2.51-7.el7                   base           1.5 M
DEBUG util.py:491:   perl-Exporter                      noarch        5.68-3.el7                   base            28 k
DEBUG util.py:491:   perl-File-Path                     noarch        2.09-2.el7                   base            26 k
DEBUG util.py:491:   perl-File-Temp                     noarch        0.23.01-3.el7                base            56 k
DEBUG util.py:491:   perl-Filter                        x86_64        1.49-3.el7                   base            76 k
DEBUG util.py:491:   perl-Getopt-Long                   noarch        2.40-3.el7                   base            56 k
DEBUG util.py:491:   perl-HTTP-Tiny                     noarch        0.033-3.el7                  base            38 k
DEBUG util.py:491:   perl-PathTools                     x86_64        3.40-5.el7                   base            82 k
DEBUG util.py:491:   perl-Pod-Escapes                   noarch        1:1.04-292.el7               base            51 k
DEBUG util.py:491:   perl-Pod-Perldoc                   noarch        3.20-4.el7                   base            87 k
DEBUG util.py:491:   perl-Pod-Simple                    noarch        1:3.28-4.el7                 base           216 k
DEBUG util.py:491:   perl-Pod-Usage                     noarch        1.63-3.el7                   base            27 k
DEBUG util.py:491:   perl-Scalar-List-Utils             x86_64        1.27-248.el7                 base            36 k
DEBUG util.py:491:   perl-Socket                        x86_64        2.010-4.el7                  base            49 k
DEBUG util.py:491:   perl-Storable                      x86_64        2.45-3.el7                   base            77 k
DEBUG util.py:491:   perl-Text-ParseWords               noarch        3.29-4.el7                   base            14 k
DEBUG util.py:491:   perl-Thread-Queue                  noarch        3.02-2.el7                   base            17 k
DEBUG util.py:491:   perl-Time-HiRes                    x86_64        4:1.9725-3.el7               base            45 k
DEBUG util.py:491:   perl-Time-Local                    noarch        1.2300-2.el7                 base            24 k
DEBUG util.py:491:   perl-constant                      noarch        1.27-2.el7                   base            19 k
DEBUG util.py:491:   perl-libs                          x86_64        4:5.16.3-292.el7             base           688 k
DEBUG util.py:491:   perl-macros                        x86_64        4:5.16.3-292.el7             base            43 k
DEBUG util.py:491:   perl-parent                        noarch        1:0.225-244.el7              base            12 k
DEBUG util.py:491:   perl-podlators                     noarch        2.5.1-3.el7                  base           112 k
DEBUG util.py:491:   perl-srpm-macros                   noarch        1-8.el7                      base           4.6 k
DEBUG util.py:491:   perl-threads                       x86_64        1.87-4.el7                   base            49 k
DEBUG util.py:491:   perl-threads-shared                x86_64        1.43-6.el7                   base            39 k
DEBUG util.py:491:   pinentry                           x86_64        0.8.1-17.el7                 base            73 k
DEBUG util.py:491:   pkgconfig                          x86_64        1:0.27.1-4.el7               base            54 k
DEBUG util.py:491:   popt                               x86_64        1.13-16.el7                  base            42 k
DEBUG util.py:491:   procps-ng                          x86_64        3.3.10-17.el7_5.2            updates        290 k
DEBUG util.py:491:   pth                                x86_64        2.0.7-23.el7                 base            89 k
DEBUG util.py:491:   python-libs                        x86_64        2.7.5-69.el7_5               updates        5.6 M
DEBUG util.py:491:   python-rpm-macros                  noarch        3-22.el7                     epel           7.5 k
DEBUG util.py:491:   python-srpm-macros                 noarch        3-22.el7                     epel           7.0 k
DEBUG util.py:491:   python2-rpm-macros                 noarch        3-22.el7                     epel           6.3 k
DEBUG util.py:491:   qrencode-libs                      x86_64        3.4.1-3.el7                  base            50 k
DEBUG util.py:491:   readline                           x86_64        6.2-10.el7                   base           193 k
DEBUG util.py:491:   rpm                                x86_64        4.11.3-32.el7                base           1.2 M
DEBUG util.py:491:   rpm-build-libs                     x86_64        4.11.3-32.el7                base           105 k
DEBUG util.py:491:   rpm-libs                           x86_64        4.11.3-32.el7                base           276 k
DEBUG util.py:491:   setup                              noarch        2.8.71-9.el7                 base           166 k
DEBUG util.py:491:   shared-mime-info                   x86_64        1.8-4.el7                    base           312 k
DEBUG util.py:491:   sqlite                             x86_64        3.7.17-8.el7                 base           393 k
DEBUG util.py:491:   systemd                            x86_64        219-57.el7                   base           5.0 M
DEBUG util.py:491:   systemd-libs                       x86_64        219-57.el7                   base           402 k
DEBUG util.py:491:   tzdata                             noarch        2018e-3.el7                  updates        482 k
DEBUG util.py:491:   ustr                               x86_64        1.0.4-16.el7                 base            92 k
DEBUG util.py:491:   xz-libs                            x86_64        5.2.2-1.el7                  base           103 k
DEBUG util.py:491:   zip                                x86_64        3.0-11.el7                   base           260 k
DEBUG util.py:491:   zlib                               x86_64        1.2.7-17.el7                 base            90 k
DEBUG util.py:491:  Transaction Summary
DEBUG util.py:491:  ====================================================================================================
DEBUG util.py:491:  Install  27 Packages (+148 Dependent packages)
DEBUG util.py:491:  Total download size: 128 M
DEBUG util.py:491:  Installed size: 460 M
DEBUG util.py:491:  warning: /etc/hosts created as /etc/hosts.rpmnew
DEBUG util.py:491:  Installed:
DEBUG util.py:491:    bash.x86_64 0:4.2.46-30.el7                           bzip2.x86_64 0:1.0.6-13.el7                
DEBUG util.py:491:    coreutils.x86_64 0:8.22-21.el7                        cpio.x86_64 0:2.11-27.el7                  
DEBUG util.py:491:    diffutils.x86_64 0:3.3-4.el7                          epel-release.noarch 0:7-11                 
DEBUG util.py:491:    epel-rpm-macros.noarch 0:7-19                         findutils.x86_64 1:4.5.11-5.el7            
DEBUG util.py:491:    gawk.x86_64 0:4.0.2-4.el7_3.1                         gcc.x86_64 0:4.8.5-28.el7_5.1              
DEBUG util.py:491:    gcc-c++.x86_64 0:4.8.5-28.el7_5.1                     grep.x86_64 0:2.20-3.el7                   
DEBUG util.py:491:    gzip.x86_64 0:1.5-10.el7                              info.x86_64 0:5.1-5.el7                    
DEBUG util.py:491:    make.x86_64 1:3.82-23.el7                             patch.x86_64 0:2.7.1-10.el7_5              
DEBUG util.py:491:    perl.x86_64 4:5.16.3-292.el7                          python.x86_64 0:2.7.5-69.el7_5             
DEBUG util.py:491:    redhat-rpm-config.noarch 0:9.1.0-80.el7.centos        rpm-build.x86_64 0:4.11.3-32.el7           
DEBUG util.py:491:    sed.x86_64 0:4.2.2-5.el7                              shadow-utils.x86_64 2:4.1.5.1-24.el7       
DEBUG util.py:491:    tar.x86_64 2:1.26-34.el7                              unzip.x86_64 0:6.0-19.el7                  
DEBUG util.py:491:    util-linux.x86_64 0:2.23.2-52.el7                     which.x86_64 0:2.20-7.el7                  
DEBUG util.py:491:    xz.x86_64 0:5.2.2-1.el7                              
DEBUG util.py:491:  Dependency Installed:
DEBUG util.py:491:    acl.x86_64 0:2.2.51-14.el7                      audit-libs.x86_64 0:2.8.1-3.el7                   
DEBUG util.py:491:    basesystem.noarch 0:10.0-7.el7.centos           binutils.x86_64 0:2.27-28.base.el7_5.1            
DEBUG util.py:491:    bzip2-libs.x86_64 0:1.0.6-13.el7                ca-certificates.noarch 0:2018.2.22-70.0.el7_5     
DEBUG util.py:491:    centos-release.x86_64 0:7-5.1804.4.el7.centos   chkconfig.x86_64 0:1.7.4-1.el7                    
DEBUG util.py:491:    cpp.x86_64 0:4.8.5-28.el7_5.1                   cracklib.x86_64 0:2.9.0-11.el7                    
DEBUG util.py:491:    cracklib-dicts.x86_64 0:2.9.0-11.el7            cryptsetup-libs.x86_64 0:1.7.4-4.el7              
DEBUG util.py:491:    curl.x86_64 0:7.29.0-46.el7                     cyrus-sasl-lib.x86_64 0:2.1.26-23.el7             
DEBUG util.py:491:    dbus.x86_64 1:1.10.24-7.el7                     dbus-libs.x86_64 1:1.10.24-7.el7                  
DEBUG util.py:491:    device-mapper.x86_64 7:1.02.146-4.el7           device-mapper-libs.x86_64 7:1.02.146-4.el7        
DEBUG util.py:491:    dracut.x86_64 0:033-535.el7                     dwz.x86_64 0:0.11-3.el7                           
DEBUG util.py:491:    elfutils.x86_64 0:0.170-4.el7                   elfutils-default-yama-scope.noarch 0:0.170-4.el7  
DEBUG util.py:491:    elfutils-libelf.x86_64 0:0.170-4.el7            elfutils-libs.x86_64 0:0.170-4.el7                
DEBUG util.py:491:    expat.x86_64 0:2.1.0-10.el7_3                   file.x86_64 0:5.11-33.el7                         
DEBUG util.py:491:    file-libs.x86_64 0:5.11-33.el7                  filesystem.x86_64 0:3.2-25.el7                    
DEBUG util.py:491:    gdb.x86_64 0:7.6.1-110.el7                      gdbm.x86_64 0:1.10-8.el7                          
DEBUG util.py:491:    glib2.x86_64 0:2.54.2-2.el7                     glibc.x86_64 0:2.17-222.el7                       
DEBUG util.py:491:    glibc-common.x86_64 0:2.17-222.el7              glibc-devel.x86_64 0:2.17-222.el7                 
DEBUG util.py:491:    glibc-headers.x86_64 0:2.17-222.el7             gmp.x86_64 1:6.0.0-15.el7                         
DEBUG util.py:491:    gnupg2.x86_64 0:2.0.22-5.el7_5                  groff-base.x86_64 0:1.22.2-8.el7                  
DEBUG util.py:491:    hardlink.x86_64 1:1.0-19.el7                    kernel-headers.x86_64 0:3.10.0-862.11.6.el7       
DEBUG util.py:491:    keyutils-libs.x86_64 0:1.5.8-3.el7              kmod.x86_64 0:20-21.el7                           
DEBUG util.py:491:    kmod-libs.x86_64 0:20-21.el7                    kpartx.x86_64 0:0.4.9-119.el7                     
DEBUG util.py:491:    krb5-libs.x86_64 0:1.15.1-19.el7                libacl.x86_64 0:2.2.51-14.el7                     
DEBUG util.py:491:    libassuan.x86_64 0:2.1.0-3.el7                  libattr.x86_64 0:2.4.46-13.el7                    
DEBUG util.py:491:    libblkid.x86_64 0:2.23.2-52.el7                 libcap.x86_64 0:2.22-9.el7                        
DEBUG util.py:491:    libcap-ng.x86_64 0:0.7.5-4.el7                  libcom_err.x86_64 0:1.42.9-12.el7_5               
DEBUG util.py:491:    libcurl.x86_64 0:7.29.0-46.el7                  libdb.x86_64 0:5.3.21-24.el7                      
DEBUG util.py:491:    libdb-utils.x86_64 0:5.3.21-24.el7              libffi.x86_64 0:3.0.13-18.el7                     
DEBUG util.py:491:    libgcc.x86_64 0:4.8.5-28.el7_5.1                libgcrypt.x86_64 0:1.5.3-14.el7                   
DEBUG util.py:491:    libgomp.x86_64 0:4.8.5-28.el7_5.1               libgpg-error.x86_64 0:1.12-3.el7                  
DEBUG util.py:491:    libidn.x86_64 0:1.28-4.el7                      libmount.x86_64 0:2.23.2-52.el7                   
DEBUG util.py:491:    libmpc.x86_64 0:1.0.1-3.el7                     libpwquality.x86_64 0:1.2.3-5.el7                 
DEBUG util.py:491:    libselinux.x86_64 0:2.5-12.el7                  libsemanage.x86_64 0:2.5-11.el7                   
DEBUG util.py:491:    libsepol.x86_64 0:2.5-8.1.el7                   libssh2.x86_64 0:1.4.3-10.el7_2.1                 
DEBUG util.py:491:    libstdc++.x86_64 0:4.8.5-28.el7_5.1             libstdc++-devel.x86_64 0:4.8.5-28.el7_5.1         
DEBUG util.py:491:    libtasn1.x86_64 0:4.10-1.el7                    libuser.x86_64 0:0.60-9.el7                       
DEBUG util.py:491:    libutempter.x86_64 0:1.1.6-4.el7                libuuid.x86_64 0:2.23.2-52.el7                    
DEBUG util.py:491:    libverto.x86_64 0:0.2.5-4.el7                   libxml2.x86_64 0:2.9.1-6.el7_2.3                  
DEBUG util.py:491:    lua.x86_64 0:5.1.4-15.el7                       lz4.x86_64 0:1.7.5-2.el7                          
DEBUG util.py:491:    mpfr.x86_64 0:3.1.1-4.el7                       ncurses.x86_64 0:5.9-14.20130511.el7_4            
DEBUG util.py:491:    ncurses-base.noarch 0:5.9-14.20130511.el7_4     ncurses-libs.x86_64 0:5.9-14.20130511.el7_4       
DEBUG util.py:491:    nspr.x86_64 0:4.19.0-1.el7_5                    nss.x86_64 0:3.36.0-5.el7_5                       
DEBUG util.py:491:    nss-pem.x86_64 0:1.0.3-4.el7                    nss-softokn.x86_64 0:3.36.0-5.el7_5               
DEBUG util.py:491:    nss-softokn-freebl.x86_64 0:3.36.0-5.el7_5      nss-sysinit.x86_64 0:3.36.0-5.el7_5               
DEBUG util.py:491:    nss-tools.x86_64 0:3.36.0-5.el7_5               nss-util.x86_64 0:3.36.0-1.el7_5                  
DEBUG util.py:491:    openldap.x86_64 0:2.4.44-15.el7_5               openssl-libs.x86_64 1:1.0.2k-12.el7               
DEBUG util.py:491:    p11-kit.x86_64 0:0.23.5-3.el7                   p11-kit-trust.x86_64 0:0.23.5-3.el7               
DEBUG util.py:491:    pam.x86_64 0:1.1.8-22.el7                       pcre.x86_64 0:8.32-17.el7                         
DEBUG util.py:491:    perl-Carp.noarch 0:1.26-244.el7                 perl-Encode.x86_64 0:2.51-7.el7                   
DEBUG util.py:491:    perl-Exporter.noarch 0:5.68-3.el7               perl-File-Path.noarch 0:2.09-2.el7                
DEBUG util.py:491:    perl-File-Temp.noarch 0:0.23.01-3.el7           perl-Filter.x86_64 0:1.49-3.el7                   
DEBUG util.py:491:    perl-Getopt-Long.noarch 0:2.40-3.el7            perl-HTTP-Tiny.noarch 0:0.033-3.el7               
DEBUG util.py:491:    perl-PathTools.x86_64 0:3.40-5.el7              perl-Pod-Escapes.noarch 1:1.04-292.el7            
DEBUG util.py:491:    perl-Pod-Perldoc.noarch 0:3.20-4.el7            perl-Pod-Simple.noarch 1:3.28-4.el7               
DEBUG util.py:491:    perl-Pod-Usage.noarch 0:1.63-3.el7              perl-Scalar-List-Utils.x86_64 0:1.27-248.el7      
DEBUG util.py:491:    perl-Socket.x86_64 0:2.010-4.el7                perl-Storable.x86_64 0:2.45-3.el7                 
DEBUG util.py:491:    perl-Text-ParseWords.noarch 0:3.29-4.el7        perl-Thread-Queue.noarch 0:3.02-2.el7             
DEBUG util.py:491:    perl-Time-HiRes.x86_64 4:1.9725-3.el7           perl-Time-Local.noarch 0:1.2300-2.el7             
DEBUG util.py:491:    perl-constant.noarch 0:1.27-2.el7               perl-libs.x86_64 4:5.16.3-292.el7                 
DEBUG util.py:491:    perl-macros.x86_64 4:5.16.3-292.el7             perl-parent.noarch 1:0.225-244.el7                
DEBUG util.py:491:    perl-podlators.noarch 0:2.5.1-3.el7             perl-srpm-macros.noarch 0:1-8.el7                 
DEBUG util.py:491:    perl-threads.x86_64 0:1.87-4.el7                perl-threads-shared.x86_64 0:1.43-6.el7           
DEBUG util.py:491:    pinentry.x86_64 0:0.8.1-17.el7                  pkgconfig.x86_64 1:0.27.1-4.el7                   
DEBUG util.py:491:    popt.x86_64 0:1.13-16.el7                       procps-ng.x86_64 0:3.3.10-17.el7_5.2              
DEBUG util.py:491:    pth.x86_64 0:2.0.7-23.el7                       python-libs.x86_64 0:2.7.5-69.el7_5               
DEBUG util.py:491:    python-rpm-macros.noarch 0:3-22.el7             python-srpm-macros.noarch 0:3-22.el7              
DEBUG util.py:491:    python2-rpm-macros.noarch 0:3-22.el7            qrencode-libs.x86_64 0:3.4.1-3.el7                
DEBUG util.py:491:    readline.x86_64 0:6.2-10.el7                    rpm.x86_64 0:4.11.3-32.el7                        
DEBUG util.py:491:    rpm-build-libs.x86_64 0:4.11.3-32.el7           rpm-libs.x86_64 0:4.11.3-32.el7                   
DEBUG util.py:491:    setup.noarch 0:2.8.71-9.el7                     shared-mime-info.x86_64 0:1.8-4.el7               
DEBUG util.py:491:    sqlite.x86_64 0:3.7.17-8.el7                    systemd.x86_64 0:219-57.el7                       
DEBUG util.py:491:    systemd-libs.x86_64 0:219-57.el7                tzdata.noarch 0:2018e-3.el7                       
DEBUG util.py:491:    ustr.x86_64 0:1.0.4-16.el7                      xz-libs.x86_64 0:5.2.2-1.el7                      
DEBUG util.py:491:    zip.x86_64 0:3.0-11.el7                         zlib.x86_64 0:1.2.7-17.el7                        
DEBUG util.py:632:  Child return code was: 0
DEBUG util.py:651:  child environment: None
DEBUG util.py:577:  Executing command: ['/bin/umount', '-n', '-l', '/var/lib/mock/nethserver-7-x86_64/root/dev/pts'] with env {'LANG': 'C', 'TERM': 'vt100', 'SHELL': '/bin/sh', 'HOSTNAME': 'mock', 'HOME': '/builddir', 'PATH': '/usr/bin:/bin:/usr/sbin:/sbin'} and shell False
DEBUG util.py:632:  Child return code was: 0
DEBUG util.py:651:  child environment: None
DEBUG util.py:577:  Executing command: ['/bin/umount', '-n', '-l', '/var/lib/mock/nethserver-7-x86_64/root/dev/shm'] with env {'LANG': 'C', 'TERM': 'vt100', 'SHELL': '/bin/sh', 'HOSTNAME': 'mock', 'HOME': '/builddir', 'PATH': '/usr/bin:/bin:/usr/sbin:/sbin'} and shell False
DEBUG util.py:632:  Child return code was: 0
DEBUG util.py:651:  child environment: None
DEBUG util.py:577:  Executing command: ['/bin/umount', '-n', '-l', '/var/lib/mock/nethserver-7-x86_64/root/sys'] with env {'LANG': 'C', 'TERM': 'vt100', 'SHELL': '/bin/sh', 'HOSTNAME': 'mock', 'HOME': '/builddir', 'PATH': '/usr/bin:/bin:/usr/sbin:/sbin'} and shell False
DEBUG util.py:632:  Child return code was: 0
DEBUG util.py:651:  child environment: None
DEBUG util.py:577:  Executing command: ['/bin/umount', '-n', '-l', '/var/lib/mock/nethserver-7-x86_64/root/proc'] with env {'LANG': 'C', 'TERM': 'vt100', 'SHELL': '/bin/sh', 'HOSTNAME': 'mock', 'HOME': '/builddir', 'PATH': '/usr/bin:/bin:/usr/sbin:/sbin'} and shell False
DEBUG util.py:632:  Child return code was: 0
DEBUG util.py:127:  touching file: /var/lib/mock/nethserver-7-x86_64/root/etc/os-release
DEBUG util.py:651:  child environment: None
DEBUG util.py:577:  Executing command: ['/usr/bin/systemd-nspawn', '-q', '-M', 'bf15aa915c964af5b0fcd5b46b0a515a', '-D', '/var/lib/mock/nethserver-7-x86_64/root', '--setenv=LANG=C', '--setenv=TERM=vt100', '--setenv=SHELL=/bin/bash', '--setenv=HOSTNAME=mock', '--setenv=PROMPT_COMMAND=printf "\\033]0;<mock-chroot>\\007"', '--setenv=HOME=/builddir', '--setenv=PATH=/usr/bin:/bin:/usr/sbin:/sbin', '--setenv=PS1=<mock-chroot> \\s-\\v\\$ ', '/usr/sbin/userdel', '-r', '-f', 'mockbuild'] with env {'LANG': 'C', 'TERM': 'vt100', 'SHELL': '/bin/bash', 'HOSTNAME': 'mock', 'PROMPT_COMMAND': 'printf "\\033]0;<mock-chroot>\\007"', 'HOME': '/builddir', 'PATH': '/usr/bin:/bin:/usr/sbin:/sbin', 'PS1': '<mock-chroot> \\s-\\v\\$ '} and shell False
DEBUG util.py:489:  BUILDSTDERR: Failed to create directory /var/lib/mock/nethserver-7-x86_64/root//sys/fs/selinux: Read-only file system
DEBUG util.py:489:  BUILDSTDERR: Failed to create directory /var/lib/mock/nethserver-7-x86_64/root//sys/fs/selinux: Read-only file system
DEBUG util.py:489:  BUILDSTDERR: userdel: user 'mockbuild' does not exist
DEBUG util.py:632:  Child return code was: 6
DEBUG util.py:651:  child environment: None
DEBUG util.py:577:  Executing command: ['/usr/bin/systemd-nspawn', '-q', '-M', 'ce12c8e71e4c447ca4b98e2f483075a5', '-D', '/var/lib/mock/nethserver-7-x86_64/root', '--setenv=LANG=C', '--setenv=TERM=vt100', '--setenv=SHELL=/bin/bash', '--setenv=HOSTNAME=mock', '--setenv=PROMPT_COMMAND=printf "\\033]0;<mock-chroot>\\007"', '--setenv=HOME=/builddir', '--setenv=PATH=/usr/bin:/bin:/usr/sbin:/sbin', '--setenv=PS1=<mock-chroot> \\s-\\v\\$ ', '/usr/sbin/groupdel', 'mock'] with env {'LANG': 'C', 'TERM': 'vt100', 'SHELL': '/bin/bash', 'HOSTNAME': 'mock', 'PROMPT_COMMAND': 'printf "\\033]0;<mock-chroot>\\007"', 'HOME': '/builddir', 'PATH': '/usr/bin:/bin:/usr/sbin:/sbin', 'PS1': '<mock-chroot> \\s-\\v\\$ '} and shell False
DEBUG util.py:489:  BUILDSTDERR: Failed to create directory /var/lib/mock/nethserver-7-x86_64/root//sys/fs/selinux: Read-only file system
DEBUG util.py:489:  BUILDSTDERR: Failed to create directory /var/lib/mock/nethserver-7-x86_64/root//sys/fs/selinux: Read-only file system
DEBUG util.py:489:  BUILDSTDERR: groupdel: group 'mock' does not exist
DEBUG util.py:632:  Child return code was: 6
DEBUG util.py:651:  child environment: None
DEBUG util.py:577:  Executing command: ['/usr/bin/systemd-nspawn', '-q', '-M', 'fa17e914edf449bfbc882d091488a930', '-D', '/var/lib/mock/nethserver-7-x86_64/root', '--setenv=LANG=C', '--setenv=TERM=vt100', '--setenv=SHELL=/bin/bash', '--setenv=HOSTNAME=mock', '--setenv=PROMPT_COMMAND=printf "\\033]0;<mock-chroot>\\007"', '--setenv=HOME=/builddir', '--setenv=PATH=/usr/bin:/bin:/usr/sbin:/sbin', '--setenv=PS1=<mock-chroot> \\s-\\v\\$ ', '/usr/sbin/groupadd', '-g', '135', 'mock'] with env {'LANG': 'C', 'TERM': 'vt100', 'SHELL': '/bin/bash', 'HOSTNAME': 'mock', 'PROMPT_COMMAND': 'printf "\\033]0;<mock-chroot>\\007"', 'HOME': '/builddir', 'PATH': '/usr/bin:/bin:/usr/sbin:/sbin', 'PS1': '<mock-chroot> \\s-\\v\\$ '} and shell False
DEBUG util.py:489:  BUILDSTDERR: Failed to create directory /var/lib/mock/nethserver-7-x86_64/root//sys/fs/selinux: Read-only file system
DEBUG util.py:489:  BUILDSTDERR: Failed to create directory /var/lib/mock/nethserver-7-x86_64/root//sys/fs/selinux: Read-only file system
DEBUG util.py:632:  Child return code was: 0
DEBUG util.py:651:  child environment: None
DEBUG util.py:577:  Executing command: ['/usr/bin/systemd-nspawn', '-q', '-M', 'c8e2b713aec24896b3486cb42e740b7a', '-D', '/var/lib/mock/nethserver-7-x86_64/root', '--setenv=LANG=C', '--setenv=TERM=vt100', '--setenv=SHELL=/bin/bash', '--setenv=HOSTNAME=mock', '--setenv=PROMPT_COMMAND=printf "\\033]0;<mock-chroot>\\007"', '--setenv=HOME=/builddir', '--setenv=PATH=/usr/bin:/bin:/usr/sbin:/sbin', '--setenv=PS1=<mock-chroot> \\s-\\v\\$ ', '/usr/sbin/useradd', '-o', '-m', '-u', '1001', '-g', '135', '-d', '/builddir', '-n', 'mockbuild'] with env {'LANG': 'C', 'TERM': 'vt100', 'SHELL': '/bin/bash', 'HOSTNAME': 'mock', 'PROMPT_COMMAND': 'printf "\\033]0;<mock-chroot>\\007"', 'HOME': '/builddir', 'PATH': '/usr/bin:/bin:/usr/sbin:/sbin', 'PS1': '<mock-chroot> \\s-\\v\\$ '} and shell False
DEBUG util.py:489:  BUILDSTDERR: Failed to create directory /var/lib/mock/nethserver-7-x86_64/root//sys/fs/selinux: Read-only file system
DEBUG util.py:489:  BUILDSTDERR: Failed to create directory /var/lib/mock/nethserver-7-x86_64/root//sys/fs/selinux: Read-only file system
DEBUG util.py:632:  Child return code was: 0
DEBUG util.py:114:  ensuring that dir exists: /var/lib/mock/nethserver-7-x86_64/root/builddir/build/RPMS
DEBUG util.py:117:  creating dir: /var/lib/mock/nethserver-7-x86_64/root/builddir/build/RPMS
DEBUG util.py:114:  ensuring that dir exists: /var/lib/mock/nethserver-7-x86_64/root/builddir/build/SPECS
DEBUG util.py:117:  creating dir: /var/lib/mock/nethserver-7-x86_64/root/builddir/build/SPECS
DEBUG util.py:114:  ensuring that dir exists: /var/lib/mock/nethserver-7-x86_64/root/builddir/build/SRPMS
DEBUG util.py:117:  creating dir: /var/lib/mock/nethserver-7-x86_64/root/builddir/build/SRPMS
DEBUG util.py:114:  ensuring that dir exists: /var/lib/mock/nethserver-7-x86_64/root/builddir/build/SOURCES
DEBUG util.py:117:  creating dir: /var/lib/mock/nethserver-7-x86_64/root/builddir/build/SOURCES
DEBUG util.py:114:  ensuring that dir exists: /var/lib/mock/nethserver-7-x86_64/root/builddir/build/BUILD
DEBUG util.py:117:  creating dir: /var/lib/mock/nethserver-7-x86_64/root/builddir/build/BUILD
DEBUG util.py:114:  ensuring that dir exists: /var/lib/mock/nethserver-7-x86_64/root/builddir/build/BUILDROOT
DEBUG util.py:117:  creating dir: /var/lib/mock/nethserver-7-x86_64/root/builddir/build/BUILDROOT
DEBUG util.py:114:  ensuring that dir exists: /var/lib/mock/nethserver-7-x86_64/root/builddir/build/originals
DEBUG util.py:117:  creating dir: /var/lib/mock/nethserver-7-x86_64/root/builddir/build/originals
DEBUG util.py:127:  touching file: /var/lib/mock/nethserver-7-x86_64/root/.initialized
DEBUG util.py:651:  child environment: None
DEBUG util.py:577:  Executing command: ['sync'] with env {'LANG': 'C', 'TERM': 'vt100', 'SHELL': '/bin/sh', 'HOSTNAME': 'mock', 'HOME': '/builddir', 'PATH': '/usr/bin:/bin:/usr/sbin:/sbin'} and shell False
DEBUG util.py:632:  Child return code was: 0
DEBUG util.py:651:  child environment: None
DEBUG util.py:577:  Executing command: ['gtar', '--one-file-system', '--exclude-caches', '--exclude-caches-under', '--use-compress-program', 'pigz', '-cf', '/var/cache/mock/nethserver-7-x86_64/root_cache/cache.tar.gz', '-C', '/var/lib/mock/nethserver-7-x86_64/root', '--exclude=./proc', '--exclude=./sys', '--exclude=./dev', '--exclude=./tmp/ccache', '--exclude=./var/cache/yum', '--exclude=./var/cache/dnf', '--exclude=./proc', '--exclude=./sys', '--exclude=./dev/shm', '--exclude=./dev/pts', '--exclude=./var/cache/yum/', '.'] with env {'LANG': 'C', 'TERM': 'vt100', 'SHELL': '/bin/sh', 'HOSTNAME': 'mock', 'HOME': '/builddir', 'PATH': '/usr/bin:/bin:/usr/sbin:/sbin'} and shell False
DEBUG util.py:632:  Child return code was: 0
INFO backend.py:222:  Installed packages:
DEBUG util.py:651:  child environment: None
DEBUG util.py:577:  Executing command: /bin/rpm --root /var/lib/mock/nethserver-7-x86_64/root -qa with env {'LANG': 'C', 'TERM': 'vt100', 'SHELL': '/bin/bash', 'HOSTNAME': 'mock', 'PROMPT_COMMAND': 'printf "\\033]0;<mock-chroot>\\007"', 'PATH': '/usr/bin:/bin:/usr/sbin:/sbin', 'HOME': '/builddir', 'PS1': '<mock-chroot> \\s-\\v\\$ '} and shell True
DEBUG util.py:491:  python-srpm-macros-3-22.el7.noarch
DEBUG util.py:491:  python2-rpm-macros-3-22.el7.noarch
DEBUG util.py:491:  ncurses-base-5.9-14.20130511.el7_4.noarch
DEBUG util.py:491:  glibc-common-2.17-222.el7.x86_64
DEBUG util.py:491:  bash-4.2.46-30.el7.x86_64
DEBUG util.py:491:  setup-2.8.71-9.el7.noarch
DEBUG util.py:491:  basesystem-10.0-7.el7.centos.noarch
DEBUG util.py:491:  zlib-1.2.7-17.el7.x86_64
DEBUG util.py:491:  nss-util-3.36.0-1.el7_5.x86_64
DEBUG util.py:491:  ncurses-libs-5.9-14.20130511.el7_4.x86_64
DEBUG util.py:491:  gmp-6.0.0-15.el7.x86_64
DEBUG util.py:491:  libattr-2.4.46-13.el7.x86_64
DEBUG util.py:491:  libcap-2.22-9.el7.x86_64
DEBUG util.py:491:  libffi-3.0.13-18.el7.x86_64
DEBUG util.py:491:  gawk-4.0.2-4.el7_3.1.x86_64
DEBUG util.py:491:  libselinux-2.5-12.el7.x86_64
DEBUG util.py:491:  grep-2.20-3.el7.x86_64
DEBUG util.py:491:  libverto-0.2.5-4.el7.x86_64
DEBUG util.py:491:  p11-kit-trust-0.23.5-3.el7.x86_64
DEBUG util.py:491:  keyutils-libs-1.5.8-3.el7.x86_64
DEBUG util.py:491:  coreutils-8.22-21.el7.x86_64
DEBUG util.py:491:  krb5-libs-1.15.1-19.el7.x86_64
DEBUG util.py:491:  xz-libs-5.2.2-1.el7.x86_64
DEBUG util.py:491:  libdb-5.3.21-24.el7.x86_64
DEBUG util.py:491:  libgpg-error-1.12-3.el7.x86_64
DEBUG util.py:491:  lua-5.1.4-15.el7.x86_64
DEBUG util.py:491:  mpfr-3.1.1-4.el7.x86_64
DEBUG util.py:491:  libblkid-2.23.2-52.el7.x86_64
DEBUG util.py:491:  libmpc-1.0.1-3.el7.x86_64
DEBUG util.py:491:  xz-5.2.2-1.el7.x86_64
DEBUG util.py:491:  findutils-4.5.11-5.el7.x86_64
DEBUG util.py:491:  diffutils-3.3-4.el7.x86_64
DEBUG util.py:491:  expat-2.1.0-10.el7_3.x86_64
DEBUG util.py:491:  audit-libs-2.8.1-3.el7.x86_64
DEBUG util.py:491:  pam-1.1.8-22.el7.x86_64
DEBUG util.py:491:  sqlite-3.7.17-8.el7.x86_64
DEBUG util.py:491:  nss-pem-1.0.3-4.el7.x86_64
DEBUG util.py:491:  nss-sysinit-3.36.0-5.el7_5.x86_64
DEBUG util.py:491:  lz4-1.7.5-2.el7.x86_64
DEBUG util.py:491:  python-libs-2.7.5-69.el7_5.x86_64
DEBUG util.py:491:  nss-tools-3.36.0-5.el7_5.x86_64
DEBUG util.py:491:  cpp-4.8.5-28.el7_5.1.x86_64
DEBUG util.py:491:  libdb-utils-5.3.21-24.el7.x86_64
DEBUG util.py:491:  dwz-0.11-3.el7.x86_64
DEBUG util.py:491:  glib2-2.54.2-2.el7.x86_64
DEBUG util.py:491:  pkgconfig-0.27.1-4.el7.x86_64
DEBUG util.py:491:  unzip-6.0-19.el7.x86_64
DEBUG util.py:491:  zip-3.0-11.el7.x86_64
DEBUG util.py:491:  groff-base-1.22.2-8.el7.x86_64
DEBUG util.py:491:  perl-HTTP-Tiny-0.033-3.el7.noarch
DEBUG util.py:491:  perl-Pod-Perldoc-3.20-4.el7.noarch
DEBUG util.py:491:  perl-Text-ParseWords-3.29-4.el7.noarch
DEBUG util.py:491:  perl-Pod-Usage-1.63-3.el7.noarch
DEBUG util.py:491:  perl-macros-5.16.3-292.el7.x86_64
DEBUG util.py:491:  perl-Time-HiRes-1.9725-3.el7.x86_64
DEBUG util.py:491:  perl-Storable-2.45-3.el7.x86_64
DEBUG util.py:491:  perl-Filter-1.49-3.el7.x86_64
DEBUG util.py:491:  perl-constant-1.27-2.el7.noarch
DEBUG util.py:491:  perl-threads-shared-1.43-6.el7.x86_64
DEBUG util.py:491:  perl-File-Path-2.09-2.el7.noarch
DEBUG util.py:491:  perl-Scalar-List-Utils-1.27-248.el7.x86_64
DEBUG util.py:491:  perl-Getopt-Long-2.40-3.el7.noarch
DEBUG util.py:491:  perl-Thread-Queue-3.02-2.el7.noarch
DEBUG util.py:491:  acl-2.2.51-14.el7.x86_64
DEBUG util.py:491:  libidn-1.28-4.el7.x86_64
DEBUG util.py:491:  curl-7.29.0-46.el7.x86_64
DEBUG util.py:491:  rpm-4.11.3-32.el7.x86_64
DEBUG util.py:491:  libuser-0.60-9.el7.x86_64
DEBUG util.py:491:  libstdc++-devel-4.8.5-28.el7_5.1.x86_64
DEBUG util.py:491:  gnupg2-2.0.22-5.el7_5.x86_64
DEBUG util.py:491:  ustr-1.0.4-16.el7.x86_64
DEBUG util.py:491:  shadow-utils-4.1.5.1-24.el7.x86_64
DEBUG util.py:491:  hardlink-1.0-19.el7.x86_64
DEBUG util.py:491:  util-linux-2.23.2-52.el7.x86_64
DEBUG util.py:491:  kpartx-0.4.9-119.el7.x86_64
DEBUG util.py:491:  device-mapper-libs-1.02.146-4.el7.x86_64
DEBUG util.py:491:  dracut-033-535.el7.x86_64
DEBUG util.py:491:  elfutils-libs-0.170-4.el7.x86_64
DEBUG util.py:491:  dbus-libs-1.10.24-7.el7.x86_64
DEBUG util.py:491:  dbus-1.10.24-7.el7.x86_64
DEBUG util.py:491:  elfutils-0.170-4.el7.x86_64
DEBUG util.py:491:  redhat-rpm-config-9.1.0-80.el7.centos.noarch
DEBUG util.py:491:  glibc-headers-2.17-222.el7.x86_64
DEBUG util.py:491:  gcc-4.8.5-28.el7_5.1.x86_64
DEBUG util.py:491:  rpm-build-4.11.3-32.el7.x86_64
DEBUG util.py:491:  epel-release-7-11.noarch
DEBUG util.py:491:  which-2.20-7.el7.x86_64
DEBUG util.py:491:  libgcc-4.8.5-28.el7_5.1.x86_64
DEBUG util.py:491:  python-rpm-macros-3-22.el7.noarch
DEBUG util.py:491:  tzdata-2018e-3.el7.noarch
DEBUG util.py:491:  chkconfig-1.7.4-1.el7.x86_64
DEBUG util.py:491:  nss-softokn-freebl-3.36.0-5.el7_5.x86_64
DEBUG util.py:491:  ncurses-5.9-14.20130511.el7_4.x86_64
DEBUG util.py:491:  filesystem-3.2-25.el7.x86_64
DEBUG util.py:491:  glibc-2.17-222.el7.x86_64
DEBUG util.py:491:  nspr-4.19.0-1.el7_5.x86_64
DEBUG util.py:491:  libstdc++-4.8.5-28.el7_5.1.x86_64
DEBUG util.py:491:  info-5.1-5.el7.x86_64
DEBUG util.py:491:  popt-1.13-16.el7.x86_64
DEBUG util.py:491:  libacl-2.2.51-14.el7.x86_64
DEBUG util.py:491:  libcom_err-1.42.9-12.el7_5.x86_64
DEBUG util.py:491:  libsepol-2.5-8.1.el7.x86_64
DEBUG util.py:491:  pcre-8.32-17.el7.x86_64
DEBUG util.py:491:  sed-4.2.2-5.el7.x86_64
DEBUG util.py:491:  p11-kit-0.23.5-3.el7.x86_64
DEBUG util.py:491:  libtasn1-4.10-1.el7.x86_64
DEBUG util.py:491:  ca-certificates-2018.2.22-70.0.el7_5.noarch
DEBUG util.py:491:  centos-release-7-5.1804.4.el7.centos.x86_64
DEBUG util.py:491:  openssl-libs-1.0.2k-12.el7.x86_64
DEBUG util.py:491:  bzip2-libs-1.0.6-13.el7.x86_64
DEBUG util.py:491:  elfutils-libelf-0.170-4.el7.x86_64
DEBUG util.py:491:  readline-6.2-10.el7.x86_64
DEBUG util.py:491:  libgcrypt-1.5.3-14.el7.x86_64
DEBUG util.py:491:  gzip-1.5-10.el7.x86_64
DEBUG util.py:491:  libuuid-2.23.2-52.el7.x86_64
DEBUG util.py:491:  libmount-2.23.2-52.el7.x86_64
DEBUG util.py:491:  cracklib-2.9.0-11.el7.x86_64
DEBUG util.py:491:  binutils-2.27-28.base.el7_5.1.x86_64
DEBUG util.py:491:  cpio-2.11-27.el7.x86_64
DEBUG util.py:491:  file-libs-5.11-33.el7.x86_64
DEBUG util.py:491:  libcap-ng-0.7.5-4.el7.x86_64
DEBUG util.py:491:  cracklib-dicts-2.9.0-11.el7.x86_64
DEBUG util.py:491:  libpwquality-1.2.3-5.el7.x86_64
DEBUG util.py:491:  nss-softokn-3.36.0-5.el7_5.x86_64
DEBUG util.py:491:  nss-3.36.0-5.el7_5.x86_64
DEBUG util.py:491:  tar-1.26-34.el7.x86_64
DEBUG util.py:491:  gdbm-1.10-8.el7.x86_64
DEBUG util.py:491:  gdb-7.6.1-110.el7.x86_64
DEBUG util.py:491:  file-5.11-33.el7.x86_64
DEBUG util.py:491:  libassuan-2.1.0-3.el7.x86_64
DEBUG util.py:491:  cyrus-sasl-lib-2.1.26-23.el7.x86_64
DEBUG util.py:491:  libxml2-2.9.1-6.el7_2.3.x86_64
DEBUG util.py:491:  shared-mime-info-1.8-4.el7.x86_64
DEBUG util.py:491:  kmod-libs-20-21.el7.x86_64
DEBUG util.py:491:  bzip2-1.0.6-13.el7.x86_64
DEBUG util.py:491:  libssh2-1.4.3-10.el7_2.1.x86_64
DEBUG util.py:491:  perl-parent-0.225-244.el7.noarch
DEBUG util.py:491:  perl-podlators-2.5.1-3.el7.noarch
DEBUG util.py:491:  perl-Pod-Escapes-1.04-292.el7.noarch
DEBUG util.py:491:  perl-Encode-2.51-7.el7.x86_64
DEBUG util.py:491:  perl-libs-5.16.3-292.el7.x86_64
DEBUG util.py:491:  perl-Socket-2.010-4.el7.x86_64
DEBUG util.py:491:  perl-threads-1.87-4.el7.x86_64
DEBUG util.py:491:  perl-Carp-1.26-244.el7.noarch
DEBUG util.py:491:  perl-Exporter-5.68-3.el7.noarch
DEBUG util.py:491:  perl-Time-Local-1.2300-2.el7.noarch
DEBUG util.py:491:  perl-File-Temp-0.23.01-3.el7.noarch
DEBUG util.py:491:  perl-PathTools-3.40-5.el7.x86_64
DEBUG util.py:491:  perl-Pod-Simple-3.28-4.el7.noarch
DEBUG util.py:491:  perl-5.16.3-292.el7.x86_64
DEBUG util.py:491:  patch-2.7.1-10.el7_5.x86_64
DEBUG util.py:491:  libgomp-4.8.5-28.el7_5.1.x86_64
DEBUG util.py:491:  libcurl-7.29.0-46.el7.x86_64
DEBUG util.py:491:  rpm-libs-4.11.3-32.el7.x86_64
DEBUG util.py:491:  openldap-2.4.44-15.el7_5.x86_64
DEBUG util.py:491:  pinentry-0.8.1-17.el7.x86_64
DEBUG util.py:491:  pth-2.0.7-23.el7.x86_64
DEBUG util.py:491:  rpm-build-libs-4.11.3-32.el7.x86_64
DEBUG util.py:491:  libsemanage-2.5-11.el7.x86_64
DEBUG util.py:491:  libutempter-1.1.6-4.el7.x86_64
DEBUG util.py:491:  qrencode-libs-3.4.1-3.el7.x86_64
DEBUG util.py:491:  device-mapper-1.02.146-4.el7.x86_64
DEBUG util.py:491:  procps-ng-3.3.10-17.el7_5.2.x86_64
DEBUG util.py:491:  cryptsetup-libs-1.7.4-4.el7.x86_64
DEBUG util.py:491:  kmod-20-21.el7.x86_64
DEBUG util.py:491:  systemd-libs-219-57.el7.x86_64
DEBUG util.py:491:  systemd-219-57.el7.x86_64
DEBUG util.py:491:  elfutils-default-yama-scope-0.170-4.el7.noarch
DEBUG util.py:491:  perl-srpm-macros-1-8.el7.noarch
DEBUG util.py:491:  kernel-headers-3.10.0-862.11.6.el7.x86_64
DEBUG util.py:491:  glibc-devel-2.17-222.el7.x86_64
DEBUG util.py:491:  gcc-c++-4.8.5-28.el7_5.1.x86_64
DEBUG util.py:491:  python-2.7.5-69.el7_5.x86_64
DEBUG util.py:491:  epel-rpm-macros-7-19.noarch
DEBUG util.py:491:  make-3.82-23.el7.x86_64
DEBUG util.py:632:  Child return code was: 0
DEBUG util.py:651:  child environment: None
DEBUG util.py:226:  kill orphans
DEBUG util.py:651:  child environment: None
DEBUG util.py:577:  Executing command: ['/bin/umount', '-n', '/var/lib/mock/nethserver-7-x86_64/root/var/cache/yum/'] with env {'LANG': 'C', 'TERM': 'vt100', 'SHELL': '/bin/sh', 'HOSTNAME': 'mock', 'HOME': '/builddir', 'PATH': '/usr/bin:/bin:/usr/sbin:/sbin'} and shell False
DEBUG util.py:632:  Child return code was: 1
DEBUG util.py:651:  child environment: None
DEBUG util.py:577:  Executing command: ['/bin/umount', '-n', '/var/lib/mock/nethserver-7-x86_64/root/var/cache/yum/'] with env {'LANG': 'C', 'TERM': 'vt100', 'SHELL': '/bin/sh', 'HOSTNAME': 'mock', 'HOME': '/builddir', 'PATH': '/usr/bin:/bin:/usr/sbin:/sbin'} and shell False
DEBUG util.py:632:  Child return code was: 1
DEBUG util.py:651:  child environment: None
DEBUG util.py:577:  Executing command: ['btrfs', 'subv', 'list', '/var/lib/mock'] with env {'LANG': 'C', 'TERM': 'vt100', 'SHELL': '/bin/sh', 'HOSTNAME': 'mock', 'HOME': '/builddir', 'PATH': '/usr/bin:/bin:/usr/sbin:/sbin'} and shell False
DEBUG util.py:632:  Child return code was: 1
DEBUG util.py:1392:  Please ignore the error above above about btrfs.
DEBUG util.py:114:  ensuring that dir exists: /var/lib/mock/nethserver-7-x86_64
DEBUG util.py:226:  kill orphans
DEBUG util.py:651:  child environment: None
DEBUG util.py:577:  Executing command: ['/bin/umount', '-n', '/var/lib/mock/nethserver-7-x86_64/root/var/cache/yum/'] with env {'LANG': 'C', 'TERM': 'vt100', 'SHELL': '/bin/sh', 'HOSTNAME': 'mock', 'HOME': '/builddir', 'PATH': '/usr/bin:/bin:/usr/sbin:/sbin'} and shell False
DEBUG util.py:632:  Child return code was: 0
